<?xml version="1.0" encoding="UTF-8"?>
<!-- Generated by org.testng.reporters.JUnitReportReporter -->
<testsuite hostname="LAP-0217" failures="0" tests="1" name="job_test_pages.page_test1" time="16.317" errors="0" timestamp="2024-08-05T22:55:18 IST" skipped="0">
  <testcase classname="job_test_pages.page_test1" name="get_the_title" time="16.317"/>
</testsuite> <!-- job_test_pages.page_test1 -->
